<?xml version="1.0" encoding="UTF-8"?>
<testsuite xmlns:xsi="http://www.w3.org/2001/XMLSchema-instance" xsi:noNamespaceSchemaLocation="https://maven.apache.org/surefire/maven-failsafe-plugin/xsd/failsafe-test-report-3.0.xsd" version="3.0" name="com.thina.smartfarm.web.rest.errors.ExceptionTranslatorIT" time="0.457" tests="9" errors="0" skipped="0" failures="0">
  <properties>
    <property name="awt.toolkit" value="sun.lwawt.macosx.LWCToolkit"/>
    <property name="java.specification.version" value="12"/>
    <property name="sun.jnu.encoding" value="UTF-8"/>
    <property name="java.class.path" value="/Users/tkharidass/smartFarmSolution/jhipster/backend/target/test-classes:/Users/tkharidass/smartFarmSolution/jhipster/backend/target/classes:/Users/tkharidass/.m2/repository/io/github/jhipster/jhipster-framework/3.0.6/jhipster-framework-3.0.6.jar:/Users/tkharidass/.m2/repository/org/springframework/spring-context-support/5.1.10.RELEASE/spring-context-support-5.1.10.RELEASE.jar:/Users/tkharidass/.m2/repository/org/springframework/spring-beans/5.1.10.RELEASE/spring-beans-5.1.10.RELEASE.jar:/Users/tkharidass/.m2/repository/org/springframework/spring-context/5.1.10.RELEASE/spring-context-5.1.10.RELEASE.jar:/Users/tkharidass/.m2/repository/org/springframework/boot/spring-boot-autoconfigure/2.1.9.RELEASE/spring-boot-autoconfigure-2.1.9.RELEASE.jar:/Users/tkharidass/.m2/repository/org/springframework/boot/spring-boot-starter-cache/2.1.9.RELEASE/spring-boot-starter-cache-2.1.9.RELEASE.jar:/Users/tkharidass/.m2/repository/org/springframework/boot/spring-boot-starter/2.1.9.RELEASE/spring-boot-starter-2.1.9.RELEASE.jar:/Users/tkharidass/.m2/repository/javax/annotation/javax.annotation-api/1.3.2/javax.annotation-api-1.3.2.jar:/Users/tkharidass/.m2/repository/com/fasterxml/jackson/datatype/jackson-datatype-hibernate5/2.9.9/jackson-datatype-hibernate5-2.9.9.jar:/Users/tkharidass/.m2/repository/javax/transaction/jta/1.1/jta-1.1.jar:/Users/tkharidass/.m2/repository/com/fasterxml/jackson/core/jackson-core/2.9.9/jackson-core-2.9.9.jar:/Users/tkharidass/.m2/repository/com/fasterxml/jackson/core/jackson-databind/2.9.9.3/jackson-databind-2.9.9.3.jar:/Users/tkharidass/.m2/repository/com/fasterxml/jackson/datatype/jackson-datatype-hppc/2.9.9/jackson-datatype-hppc-2.9.9.jar:/Users/tkharidass/.m2/repository/com/carrotsearch/hppc/0.7.1/hppc-0.7.1.jar:/Users/tkharidass/.m2/repository/com/fasterxml/jackson/datatype/jackson-datatype-jsr310/2.9.9/jackson-datatype-jsr310-2.9.9.jar:/Users/tkharidass/.m2/repository/com/fasterxml/jackson/core/jackson-annotations/2.9.0/jackson-annotations-2.9.0.jar:/Users/tkharidass/.m2/repository/com/fasterxml/jackson/module/jackson-module-afterburner/2.9.9/jackson-module-afterburner-2.9.9.jar:/Users/tkharidass/.m2/repository/com/h2database/h2/1.4.199/h2-1.4.199.jar:/Users/tkharidass/.m2/repository/com/hazelcast/hazelcast/3.11.4/hazelcast-3.11.4.jar:/Users/tkharidass/.m2/repository/com/hazelcast/hazelcast-hibernate53/1.3.2/hazelcast-hibernate53-1.3.2.jar:/Users/tkharidass/.m2/repository/com/hazelcast/hazelcast-spring/3.11.4/hazelcast-spring-3.11.4.jar:/Users/tkharidass/.m2/repository/com/jayway/jsonpath/json-path/2.4.0/json-path-2.4.0.jar:/Users/tkharidass/.m2/repository/net/minidev/json-smart/2.3/json-smart-2.3.jar:/Users/tkharidass/.m2/repository/net/minidev/accessors-smart/1.2/accessors-smart-1.2.jar:/Users/tkharidass/.m2/repository/org/ow2/asm/asm/5.0.4/asm-5.0.4.jar:/Users/tkharidass/.m2/repository/org/slf4j/slf4j-api/1.7.28/slf4j-api-1.7.28.jar:/Users/tkharidass/.m2/repository/io/springfox/springfox-swagger2/2.9.2/springfox-swagger2-2.9.2.jar:/Users/tkharidass/.m2/repository/io/swagger/swagger-annotations/1.5.20/swagger-annotations-1.5.20.jar:/Users/tkharidass/.m2/repository/io/swagger/swagger-models/1.5.20/swagger-models-1.5.20.jar:/Users/tkharidass/.m2/repository/io/springfox/springfox-spi/2.9.2/springfox-spi-2.9.2.jar:/Users/tkharidass/.m2/repository/io/springfox/springfox-core/2.9.2/springfox-core-2.9.2.jar:/Users/tkharidass/.m2/repository/io/springfox/springfox-schema/2.9.2/springfox-schema-2.9.2.jar:/Users/tkharidass/.m2/repository/io/springfox/springfox-swagger-common/2.9.2/springfox-swagger-common-2.9.2.jar:/Users/tkharidass/.m2/repository/io/springfox/springfox-spring-web/2.9.2/springfox-spring-web-2.9.2.jar:/Users/tkharidass/.m2/repository/com/google/guava/guava/28.1-jre/guava-28.1-jre.jar:/Users/tkharidass/.m2/repository/com/google/guava/failureaccess/1.0.1/failureaccess-1.0.1.jar:/Users/tkharidass/.m2/repository/com/google/guava/listenablefuture/9999.0-empty-to-avoid-conflict-with-guava/listenablefuture-9999.0-empty-to-avoid-conflict-with-guava.jar:/Users/tkharidass/.m2/repository/org/checkerframework/checker-qual/2.8.1/checker-qual-2.8.1.jar:/Users/tkharidass/.m2/repository/com/google/errorprone/error_prone_annotations/2.3.2/error_prone_annotations-2.3.2.jar:/Users/tkharidass/.m2/repository/com/google/j2objc/j2objc-annotations/1.3/j2objc-annotations-1.3.jar:/Users/tkharidass/.m2/repository/org/codehaus/mojo/animal-sniffer-annotations/1.18/animal-sniffer-annotations-1.18.jar:/Users/tkharidass/.m2/repository/com/fasterxml/classmate/1.4.0/classmate-1.4.0.jar:/Users/tkharidass/.m2/repository/org/springframework/plugin/spring-plugin-core/1.2.0.RELEASE/spring-plugin-core-1.2.0.RELEASE.jar:/Users/tkharidass/.m2/repository/org/springframework/plugin/spring-plugin-metadata/1.2.0.RELEASE/spring-plugin-metadata-1.2.0.RELEASE.jar:/Users/tkharidass/.m2/repository/io/springfox/springfox-bean-validators/2.9.2/springfox-bean-validators-2.9.2.jar:/Users/tkharidass/.m2/repository/com/zaxxer/HikariCP/3.2.0/HikariCP-3.2.0.jar:/Users/tkharidass/.m2/repository/commons-io/commons-io/2.6/commons-io-2.6.jar:/Users/tkharidass/.m2/repository/org/apache/commons/commons-lang3/3.8.1/commons-lang3-3.8.1.jar:/Users/tkharidass/.m2/repository/javax/cache/cache-api/1.1.1/cache-api-1.1.1.jar:/Users/tkharidass/.m2/repository/mysql/mysql-connector-java/8.0.17/mysql-connector-java-8.0.17.jar:/Users/tkharidass/.m2/repository/com/google/protobuf/protobuf-java/3.6.1/protobuf-java-3.6.1.jar:/Users/tkharidass/.m2/repository/org/junit/jupiter/junit-jupiter-engine/5.3.2/junit-jupiter-engine-5.3.2.jar:/Users/tkharidass/.m2/repository/org/apiguardian/apiguardian-api/1.0.0/apiguardian-api-1.0.0.jar:/Users/tkharidass/.m2/repository/org/junit/platform/junit-platform-engine/1.3.2/junit-platform-engine-1.3.2.jar:/Users/tkharidass/.m2/repository/org/junit/platform/junit-platform-commons/1.3.2/junit-platform-commons-1.3.2.jar:/Users/tkharidass/.m2/repository/org/opentest4j/opentest4j/1.1.1/opentest4j-1.1.1.jar:/Users/tkharidass/.m2/repository/org/junit/jupiter/junit-jupiter-api/5.3.2/junit-jupiter-api-5.3.2.jar:/Users/tkharidass/.m2/repository/org/junit/vintage/junit-vintage-engine/5.3.2/junit-vintage-engine-5.3.2.jar:/Users/tkharidass/.m2/repository/junit/junit/4.12/junit-4.12.jar:/Users/tkharidass/.m2/repository/org/assertj/assertj-core/3.11.1/assertj-core-3.11.1.jar:/Users/tkharidass/.m2/repository/org/hibernate/hibernate-jpamodelgen/5.3.12.Final/hibernate-jpamodelgen-5.3.12.Final.jar:/Users/tkharidass/.m2/repository/org/jboss/logging/jboss-logging/3.3.3.Final/jboss-logging-3.3.3.Final.jar:/Users/tkharidass/.m2/repository/javax/xml/bind/jaxb-api/2.3.1/jaxb-api-2.3.1.jar:/Users/tkharidass/.m2/repository/org/glassfish/jaxb/jaxb-runtime/2.3.1/jaxb-runtime-2.3.1.jar:/Users/tkharidass/.m2/repository/org/glassfish/jaxb/txw2/2.3.1/txw2-2.3.1.jar:/Users/tkharidass/.m2/repository/com/sun/istack/istack-commons-runtime/3.0.7/istack-commons-runtime-3.0.7.jar:/Users/tkharidass/.m2/repository/org/jvnet/staxex/stax-ex/1.8/stax-ex-1.8.jar:/Users/tkharidass/.m2/repository/com/sun/xml/fastinfoset/FastInfoset/1.2.15/FastInfoset-1.2.15.jar:/Users/tkharidass/.m2/repository/org/hibernate/hibernate-core/5.3.12.Final/hibernate-core-5.3.12.Final.jar:/Users/tkharidass/.m2/repository/javax/persistence/javax.persistence-api/2.2/javax.persistence-api-2.2.jar:/Users/tkharidass/.m2/repository/org/javassist/javassist/3.23.2-GA/javassist-3.23.2-GA.jar:/Users/tkharidass/.m2/repository/net/bytebuddy/byte-buddy/1.9.16/byte-buddy-1.9.16.jar:/Users/tkharidass/.m2/repository/antlr/antlr/2.7.7/antlr-2.7.7.jar:/Users/tkharidass/.m2/repository/org/jboss/spec/javax/transaction/jboss-transaction-api_1.2_spec/1.1.1.Final/jboss-transaction-api_1.2_spec-1.1.1.Final.jar:/Users/tkharidass/.m2/repository/org/jboss/jandex/2.0.5.Final/jandex-2.0.5.Final.jar:/Users/tkharidass/.m2/repository/javax/activation/javax.activation-api/1.2.0/javax.activation-api-1.2.0.jar:/Users/tkharidass/.m2/repository/org/dom4j/dom4j/2.1.1/dom4j-2.1.1.jar:/Users/tkharidass/.m2/repository/org/hibernate/common/hibernate-commons-annotations/5.0.4.Final/hibernate-commons-annotations-5.0.4.Final.jar:/Users/tkharidass/.m2/repository/org/hibernate/validator/hibernate-validator/6.0.17.Final/hibernate-validator-6.0.17.Final.jar:/Users/tkharidass/.m2/repository/javax/validation/validation-api/2.0.1.Final/validation-api-2.0.1.Final.jar:/Users/tkharidass/.m2/repository/org/liquibase/liquibase-core/3.6.3/liquibase-core-3.6.3.jar:/Users/tkharidass/.m2/repository/org/yaml/snakeyaml/1.23/snakeyaml-1.23.jar:/Users/tkharidass/.m2/repository/net/logstash/logback/logstash-logback-encoder/6.2/logstash-logback-encoder-6.2.jar:/Users/tkharidass/.m2/repository/org/mapstruct/mapstruct/1.3.1.Final/mapstruct-1.3.1.Final.jar:/Users/tkharidass/.m2/repository/org/mapstruct/mapstruct-processor/1.3.1.Final/mapstruct-processor-1.3.1.Final.jar:/Users/tkharidass/.m2/repository/org/springframework/boot/spring-boot-configuration-processor/2.1.9.RELEASE/spring-boot-configuration-processor-2.1.9.RELEASE.jar:/Users/tkharidass/.m2/repository/org/springframework/boot/spring-boot-loader-tools/2.1.9.RELEASE/spring-boot-loader-tools-2.1.9.RELEASE.jar:/Users/tkharidass/.m2/repository/org/springframework/spring-core/5.1.10.RELEASE/spring-core-5.1.10.RELEASE.jar:/Users/tkharidass/.m2/repository/org/springframework/spring-jcl/5.1.10.RELEASE/spring-jcl-5.1.10.RELEASE.jar:/Users/tkharidass/.m2/repository/org/apache/commons/commons-compress/1.18/commons-compress-1.18.jar:/Users/tkharidass/.m2/repository/org/springframework/boot/spring-boot-starter-actuator/2.1.9.RELEASE/spring-boot-starter-actuator-2.1.9.RELEASE.jar:/Users/tkharidass/.m2/repository/org/springframework/boot/spring-boot-actuator-autoconfigure/2.1.9.RELEASE/spring-boot-actuator-autoconfigure-2.1.9.RELEASE.jar:/Users/tkharidass/.m2/repository/org/springframework/boot/spring-boot-actuator/2.1.9.RELEASE/spring-boot-actuator-2.1.9.RELEASE.jar:/Users/tkharidass/.m2/repository/io/micrometer/micrometer-core/1.3.0/micrometer-core-1.3.0.jar:/Users/tkharidass/.m2/repository/org/hdrhistogram/HdrHistogram/2.1.11/HdrHistogram-2.1.11.jar:/Users/tkharidass/.m2/repository/org/latencyutils/LatencyUtils/2.0.3/LatencyUtils-2.0.3.jar:/Users/tkharidass/.m2/repository/org/springframework/boot/spring-boot-starter-aop/2.1.9.RELEASE/spring-boot-starter-aop-2.1.9.RELEASE.jar:/Users/tkharidass/.m2/repository/org/springframework/spring-aop/5.1.10.RELEASE/spring-aop-5.1.10.RELEASE.jar:/Users/tkharidass/.m2/repository/org/aspectj/aspectjweaver/1.9.4/aspectjweaver-1.9.4.jar:/Users/tkharidass/.m2/repository/org/springframework/boot/spring-boot-starter-data-jpa/2.1.9.RELEASE/spring-boot-starter-data-jpa-2.1.9.RELEASE.jar:/Users/tkharidass/.m2/repository/org/springframework/boot/spring-boot-starter-jdbc/2.1.9.RELEASE/spring-boot-starter-jdbc-2.1.9.RELEASE.jar:/Users/tkharidass/.m2/repository/org/springframework/spring-jdbc/5.1.10.RELEASE/spring-jdbc-5.1.10.RELEASE.jar:/Users/tkharidass/.m2/repository/javax/transaction/javax.transaction-api/1.3/javax.transaction-api-1.3.jar:/Users/tkharidass/.m2/repository/org/springframework/data/spring-data-jpa/2.1.11.RELEASE/spring-data-jpa-2.1.11.RELEASE.jar:/Users/tkharidass/.m2/repository/org/springframework/spring-orm/5.1.10.RELEASE/spring-orm-5.1.10.RELEASE.jar:/Users/tkharidass/.m2/repository/org/springframework/spring-tx/5.1.10.RELEASE/spring-tx-5.1.10.RELEASE.jar:/Users/tkharidass/.m2/repository/org/springframework/spring-aspects/5.1.10.RELEASE/spring-aspects-5.1.10.RELEASE.jar:/Users/tkharidass/.m2/repository/org/springframework/boot/spring-boot-starter-logging/2.1.9.RELEASE/spring-boot-starter-logging-2.1.9.RELEASE.jar:/Users/tkharidass/.m2/repository/ch/qos/logback/logback-classic/1.2.3/logback-classic-1.2.3.jar:/Users/tkharidass/.m2/repository/ch/qos/logback/logback-core/1.2.3/logback-core-1.2.3.jar:/Users/tkharidass/.m2/repository/org/apache/logging/log4j/log4j-to-slf4j/2.11.2/log4j-to-slf4j-2.11.2.jar:/Users/tkharidass/.m2/repository/org/apache/logging/log4j/log4j-api/2.11.2/log4j-api-2.11.2.jar:/Users/tkharidass/.m2/repository/org/slf4j/jul-to-slf4j/1.7.28/jul-to-slf4j-1.7.28.jar:/Users/tkharidass/.m2/repository/org/springframework/boot/spring-boot-starter-mail/2.1.9.RELEASE/spring-boot-starter-mail-2.1.9.RELEASE.jar:/Users/tkharidass/.m2/repository/com/sun/mail/javax.mail/1.6.2/javax.mail-1.6.2.jar:/Users/tkharidass/.m2/repository/javax/activation/activation/1.1/activation-1.1.jar:/Users/tkharidass/.m2/repository/org/springframework/boot/spring-boot-starter-security/2.1.9.RELEASE/spring-boot-starter-security-2.1.9.RELEASE.jar:/Users/tkharidass/.m2/repository/org/springframework/security/spring-security-config/5.1.6.RELEASE/spring-security-config-5.1.6.RELEASE.jar:/Users/tkharidass/.m2/repository/org/springframework/security/spring-security-web/5.1.6.RELEASE/spring-security-web-5.1.6.RELEASE.jar:/Users/tkharidass/.m2/repository/org/springframework/spring-expression/5.1.10.RELEASE/spring-expression-5.1.10.RELEASE.jar:/Users/tkharidass/.m2/repository/org/springframework/boot/spring-boot-starter-thymeleaf/2.1.9.RELEASE/spring-boot-starter-thymeleaf-2.1.9.RELEASE.jar:/Users/tkharidass/.m2/repository/org/thymeleaf/thymeleaf-spring5/3.0.11.RELEASE/thymeleaf-spring5-3.0.11.RELEASE.jar:/Users/tkharidass/.m2/repository/org/thymeleaf/thymeleaf/3.0.11.RELEASE/thymeleaf-3.0.11.RELEASE.jar:/Users/tkharidass/.m2/repository/org/attoparser/attoparser/2.0.5.RELEASE/attoparser-2.0.5.RELEASE.jar:/Users/tkharidass/.m2/repository/org/unbescape/unbescape/1.1.6.RELEASE/unbescape-1.1.6.RELEASE.jar:/Users/tkharidass/.m2/repository/org/thymeleaf/extras/thymeleaf-extras-java8time/3.0.4.RELEASE/thymeleaf-extras-java8time-3.0.4.RELEASE.jar:/Users/tkharidass/.m2/repository/org/springframework/boot/spring-boot-starter-web/2.1.9.RELEASE/spring-boot-starter-web-2.1.9.RELEASE.jar:/Users/tkharidass/.m2/repository/org/springframework/boot/spring-boot-starter-json/2.1.9.RELEASE/spring-boot-starter-json-2.1.9.RELEASE.jar:/Users/tkharidass/.m2/repository/com/fasterxml/jackson/datatype/jackson-datatype-jdk8/2.9.9/jackson-datatype-jdk8-2.9.9.jar:/Users/tkharidass/.m2/repository/com/fasterxml/jackson/module/jackson-module-parameter-names/2.9.9/jackson-module-parameter-names-2.9.9.jar:/Users/tkharidass/.m2/repository/org/springframework/spring-web/5.1.10.RELEASE/spring-web-5.1.10.RELEASE.jar:/Users/tkharidass/.m2/repository/org/springframework/spring-webmvc/5.1.10.RELEASE/spring-webmvc-5.1.10.RELEASE.jar:/Users/tkharidass/.m2/repository/org/springframework/boot/spring-boot-starter-test/2.1.9.RELEASE/spring-boot-starter-test-2.1.9.RELEASE.jar:/Users/tkharidass/.m2/repository/org/springframework/boot/spring-boot-test-autoconfigure/2.1.9.RELEASE/spring-boot-test-autoconfigure-2.1.9.RELEASE.jar:/Users/tkharidass/.m2/repository/org/mockito/mockito-core/2.23.4/mockito-core-2.23.4.jar:/Users/tkharidass/.m2/repository/net/bytebuddy/byte-buddy-agent/1.9.16/byte-buddy-agent-1.9.16.jar:/Users/tkharidass/.m2/repository/org/objenesis/objenesis/2.6/objenesis-2.6.jar:/Users/tkharidass/.m2/repository/org/hamcrest/hamcrest-core/1.3/hamcrest-core-1.3.jar:/Users/tkharidass/.m2/repository/org/hamcrest/hamcrest-library/1.3/hamcrest-library-1.3.jar:/Users/tkharidass/.m2/repository/org/skyscreamer/jsonassert/1.5.0/jsonassert-1.5.0.jar:/Users/tkharidass/.m2/repository/org/springframework/spring-test/5.1.10.RELEASE/spring-test-5.1.10.RELEASE.jar:/Users/tkharidass/.m2/repository/org/xmlunit/xmlunit-core/2.6.3/xmlunit-core-2.6.3.jar:/Users/tkharidass/.m2/repository/org/springframework/boot/spring-boot-test/2.1.9.RELEASE/spring-boot-test-2.1.9.RELEASE.jar:/Users/tkharidass/.m2/repository/org/springframework/boot/spring-boot/2.1.9.RELEASE/spring-boot-2.1.9.RELEASE.jar:/Users/tkharidass/.m2/repository/org/springframework/security/spring-security-test/5.1.6.RELEASE/spring-security-test-5.1.6.RELEASE.jar:/Users/tkharidass/.m2/repository/org/springframework/security/spring-security-core/5.1.6.RELEASE/spring-security-core-5.1.6.RELEASE.jar:/Users/tkharidass/.m2/repository/com/tngtech/archunit/archunit-junit5-api/0.11.0/archunit-junit5-api-0.11.0.jar:/Users/tkharidass/.m2/repository/com/tngtech/archunit/archunit/0.11.0/archunit-0.11.0.jar:/Users/tkharidass/.m2/repository/com/tngtech/archunit/archunit-junit5-engine/0.11.0/archunit-junit5-engine-0.11.0.jar:/Users/tkharidass/.m2/repository/com/tngtech/archunit/archunit-junit5-engine-api/0.11.0/archunit-junit5-engine-api-0.11.0.jar:/Users/tkharidass/.m2/repository/org/zalando/problem-spring-web/0.25.0/problem-spring-web-0.25.0.jar:/Users/tkharidass/.m2/repository/org/zalando/problem-violations/0.25.0/problem-violations-0.25.0.jar:/Users/tkharidass/.m2/repository/org/zalando/problem-spring-common/0.25.0/problem-spring-common-0.25.0.jar:/Users/tkharidass/.m2/repository/com/google/code/findbugs/jsr305/3.0.2/jsr305-3.0.2.jar:/Users/tkharidass/.m2/repository/org/zalando/problem/0.23.0/problem-0.23.0.jar:/Users/tkharidass/.m2/repository/org/zalando/jackson-datatype-problem/0.23.0/jackson-datatype-problem-0.23.0.jar:/Users/tkharidass/.m2/repository/org/zalando/faux-pas/0.8.0/faux-pas-0.8.0.jar:/Users/tkharidass/.m2/repository/io/jsonwebtoken/jjwt-api/0.10.7/jjwt-api-0.10.7.jar:/Users/tkharidass/.m2/repository/io/jsonwebtoken/jjwt-impl/0.10.7/jjwt-impl-0.10.7.jar:/Users/tkharidass/.m2/repository/io/jsonwebtoken/jjwt-jackson/0.10.7/jjwt-jackson-0.10.7.jar:/Users/tkharidass/.m2/repository/org/springframework/cloud/spring-cloud-starter-netflix-eureka-client/2.1.3.RELEASE/spring-cloud-starter-netflix-eureka-client-2.1.3.RELEASE.jar:/Users/tkharidass/.m2/repository/org/springframework/cloud/spring-cloud-starter/2.1.3.RELEASE/spring-cloud-starter-2.1.3.RELEASE.jar:/Users/tkharidass/.m2/repository/org/springframework/cloud/spring-cloud-context/2.1.3.RELEASE/spring-cloud-context-2.1.3.RELEASE.jar:/Users/tkharidass/.m2/repository/org/springframework/security/spring-security-crypto/5.1.6.RELEASE/spring-security-crypto-5.1.6.RELEASE.jar:/Users/tkharidass/.m2/repository/org/springframework/cloud/spring-cloud-commons/2.1.3.RELEASE/spring-cloud-commons-2.1.3.RELEASE.jar:/Users/tkharidass/.m2/repository/org/springframework/security/spring-security-rsa/1.0.7.RELEASE/spring-security-rsa-1.0.7.RELEASE.jar:/Users/tkharidass/.m2/repository/org/bouncycastle/bcpkix-jdk15on/1.60/bcpkix-jdk15on-1.60.jar:/Users/tkharidass/.m2/repository/org/bouncycastle/bcprov-jdk15on/1.60/bcprov-jdk15on-1.60.jar:/Users/tkharidass/.m2/repository/org/springframework/cloud/spring-cloud-netflix-hystrix/2.1.3.RELEASE/spring-cloud-netflix-hystrix-2.1.3.RELEASE.jar:/Users/tkharidass/.m2/repository/org/springframework/cloud/spring-cloud-netflix-eureka-client/2.1.3.RELEASE/spring-cloud-netflix-eureka-client-2.1.3.RELEASE.jar:/Users/tkharidass/.m2/repository/com/netflix/eureka/eureka-client/1.9.13/eureka-client-1.9.13.jar:/Users/tkharidass/.m2/repository/org/codehaus/jettison/jettison/1.3.7/jettison-1.3.7.jar:/Users/tkharidass/.m2/repository/stax/stax-api/1.0.1/stax-api-1.0.1.jar:/Users/tkharidass/.m2/repository/com/netflix/netflix-commons/netflix-eventbus/0.3.0/netflix-eventbus-0.3.0.jar:/Users/tkharidass/.m2/repository/com/netflix/netflix-commons/netflix-infix/0.3.0/netflix-infix-0.3.0.jar:/Users/tkharidass/.m2/repository/commons-jxpath/commons-jxpath/1.3/commons-jxpath-1.3.jar:/Users/tkharidass/.m2/repository/joda-time/joda-time/2.10.4/joda-time-2.10.4.jar:/Users/tkharidass/.m2/repository/org/antlr/antlr-runtime/3.4/antlr-runtime-3.4.jar:/Users/tkharidass/.m2/repository/org/antlr/stringtemplate/3.2.1/stringtemplate-3.2.1.jar:/Users/tkharidass/.m2/repository/com/google/code/gson/gson/2.8.5/gson-2.8.5.jar:/Users/tkharidass/.m2/repository/org/apache/commons/commons-math/2.2/commons-math-2.2.jar:/Users/tkharidass/.m2/repository/com/netflix/archaius/archaius-core/0.7.6/archaius-core-0.7.6.jar:/Users/tkharidass/.m2/repository/javax/ws/rs/jsr311-api/1.1.1/jsr311-api-1.1.1.jar:/Users/tkharidass/.m2/repository/com/netflix/servo/servo-core/0.12.21/servo-core-0.12.21.jar:/Users/tkharidass/.m2/repository/com/sun/jersey/jersey-core/1.19.1/jersey-core-1.19.1.jar:/Users/tkharidass/.m2/repository/com/sun/jersey/jersey-client/1.19.1/jersey-client-1.19.1.jar:/Users/tkharidass/.m2/repository/com/sun/jersey/contribs/jersey-apache-client4/1.19.1/jersey-apache-client4-1.19.1.jar:/Users/tkharidass/.m2/repository/org/apache/httpcomponents/httpclient/4.5.10/httpclient-4.5.10.jar:/Users/tkharidass/.m2/repository/org/apache/httpcomponents/httpcore/4.4.12/httpcore-4.4.12.jar:/Users/tkharidass/.m2/repository/commons-codec/commons-codec/1.11/commons-codec-1.11.jar:/Users/tkharidass/.m2/repository/com/google/inject/guice/4.1.0/guice-4.1.0.jar:/Users/tkharidass/.m2/repository/javax/inject/javax.inject/1/javax.inject-1.jar:/Users/tkharidass/.m2/repository/aopalliance/aopalliance/1.0/aopalliance-1.0.jar:/Users/tkharidass/.m2/repository/com/netflix/eureka/eureka-core/1.9.13/eureka-core-1.9.13.jar:/Users/tkharidass/.m2/repository/com/fasterxml/woodstox/woodstox-core/5.0.3/woodstox-core-5.0.3.jar:/Users/tkharidass/.m2/repository/org/codehaus/woodstox/stax2-api/3.1.4/stax2-api-3.1.4.jar:/Users/tkharidass/.m2/repository/org/springframework/cloud/spring-cloud-starter-netflix-archaius/2.1.3.RELEASE/spring-cloud-starter-netflix-archaius-2.1.3.RELEASE.jar:/Users/tkharidass/.m2/repository/org/springframework/cloud/spring-cloud-netflix-ribbon/2.1.3.RELEASE/spring-cloud-netflix-ribbon-2.1.3.RELEASE.jar:/Users/tkharidass/.m2/repository/org/springframework/cloud/spring-cloud-netflix-archaius/2.1.3.RELEASE/spring-cloud-netflix-archaius-2.1.3.RELEASE.jar:/Users/tkharidass/.m2/repository/commons-configuration/commons-configuration/1.8/commons-configuration-1.8.jar:/Users/tkharidass/.m2/repository/commons-lang/commons-lang/2.6/commons-lang-2.6.jar:/Users/tkharidass/.m2/repository/org/springframework/cloud/spring-cloud-starter-netflix-ribbon/2.1.3.RELEASE/spring-cloud-starter-netflix-ribbon-2.1.3.RELEASE.jar:/Users/tkharidass/.m2/repository/com/netflix/ribbon/ribbon/2.3.0/ribbon-2.3.0.jar:/Users/tkharidass/.m2/repository/com/netflix/ribbon/ribbon-transport/2.3.0/ribbon-transport-2.3.0.jar:/Users/tkharidass/.m2/repository/io/reactivex/rxnetty-contexts/0.4.9/rxnetty-contexts-0.4.9.jar:/Users/tkharidass/.m2/repository/io/reactivex/rxnetty-servo/0.4.9/rxnetty-servo-0.4.9.jar:/Users/tkharidass/.m2/repository/com/netflix/hystrix/hystrix-core/1.5.18/hystrix-core-1.5.18.jar:/Users/tkharidass/.m2/repository/io/reactivex/rxnetty/0.4.9/rxnetty-0.4.9.jar:/Users/tkharidass/.m2/repository/com/netflix/ribbon/ribbon-core/2.3.0/ribbon-core-2.3.0.jar:/Users/tkharidass/.m2/repository/com/netflix/ribbon/ribbon-httpclient/2.3.0/ribbon-httpclient-2.3.0.jar:/Users/tkharidass/.m2/repository/commons-collections/commons-collections/3.2.2/commons-collections-3.2.2.jar:/Users/tkharidass/.m2/repository/com/netflix/netflix-commons/netflix-commons-util/0.3.0/netflix-commons-util-0.3.0.jar:/Users/tkharidass/.m2/repository/com/netflix/ribbon/ribbon-loadbalancer/2.3.0/ribbon-loadbalancer-2.3.0.jar:/Users/tkharidass/.m2/repository/com/netflix/netflix-commons/netflix-statistics/0.1.1/netflix-statistics-0.1.1.jar:/Users/tkharidass/.m2/repository/io/reactivex/rxjava/1.3.8/rxjava-1.3.8.jar:/Users/tkharidass/.m2/repository/com/netflix/ribbon/ribbon-eureka/2.3.0/ribbon-eureka-2.3.0.jar:/Users/tkharidass/.m2/repository/com/thoughtworks/xstream/xstream/1.4.11.1/xstream-1.4.11.1.jar:/Users/tkharidass/.m2/repository/xmlpull/xmlpull/1.1.3.1/xmlpull-1.1.3.1.jar:/Users/tkharidass/.m2/repository/xpp3/xpp3_min/1.1.4c/xpp3_min-1.1.4c.jar:/Users/tkharidass/.m2/repository/org/springframework/cloud/spring-cloud-starter-config/2.1.4.RELEASE/spring-cloud-starter-config-2.1.4.RELEASE.jar:/Users/tkharidass/.m2/repository/org/springframework/cloud/spring-cloud-config-client/2.1.4.RELEASE/spring-cloud-config-client-2.1.4.RELEASE.jar:/Users/tkharidass/.m2/repository/org/springframework/boot/spring-boot-starter-cloud-connectors/2.1.9.RELEASE/spring-boot-starter-cloud-connectors-2.1.9.RELEASE.jar:/Users/tkharidass/.m2/repository/org/springframework/cloud/spring-cloud-spring-service-connector/2.0.6.RELEASE/spring-cloud-spring-service-connector-2.0.6.RELEASE.jar:/Users/tkharidass/.m2/repository/org/springframework/cloud/spring-cloud-connectors-core/2.0.6.RELEASE/spring-cloud-connectors-core-2.0.6.RELEASE.jar:/Users/tkharidass/.m2/repository/org/springframework/cloud/spring-cloud-cloudfoundry-connector/2.0.6.RELEASE/spring-cloud-cloudfoundry-connector-2.0.6.RELEASE.jar:/Users/tkharidass/.m2/repository/org/springframework/cloud/spring-cloud-heroku-connector/2.0.6.RELEASE/spring-cloud-heroku-connector-2.0.6.RELEASE.jar:/Users/tkharidass/.m2/repository/org/springframework/cloud/spring-cloud-localconfig-connector/2.0.6.RELEASE/spring-cloud-localconfig-connector-2.0.6.RELEASE.jar:/Users/tkharidass/.m2/repository/org/springframework/security/spring-security-data/5.1.6.RELEASE/spring-security-data-5.1.6.RELEASE.jar:/Users/tkharidass/.m2/repository/org/springframework/data/spring-data-commons/2.1.11.RELEASE/spring-data-commons-2.1.11.RELEASE.jar:/Users/tkharidass/.m2/repository/io/micrometer/micrometer-registry-prometheus/1.3.0/micrometer-registry-prometheus-1.3.0.jar:/Users/tkharidass/.m2/repository/io/prometheus/simpleclient_common/0.7.0/simpleclient_common-0.7.0.jar:/Users/tkharidass/.m2/repository/io/prometheus/simpleclient/0.7.0/simpleclient-0.7.0.jar:/Users/tkharidass/.m2/repository/io/dropwizard/metrics/metrics-core/4.1.0/metrics-core-4.1.0.jar:/Users/tkharidass/.m2/repository/io/cucumber/cucumber-junit/4.7.4/cucumber-junit-4.7.4.jar:/Users/tkharidass/.m2/repository/io/cucumber/cucumber-core/4.7.4/cucumber-core-4.7.4.jar:/Users/tkharidass/.m2/repository/io/cucumber/gherkin/5.1.0/gherkin-5.1.0.jar:/Users/tkharidass/.m2/repository/io/cucumber/tag-expressions/1.1.1/tag-expressions-1.1.1.jar:/Users/tkharidass/.m2/repository/io/cucumber/cucumber-expressions/7.0.2/cucumber-expressions-7.0.2.jar:/Users/tkharidass/.m2/repository/io/cucumber/datatable/1.1.14/datatable-1.1.14.jar:/Users/tkharidass/.m2/repository/io/cucumber/datatable-dependencies/1.1.14/datatable-dependencies-1.1.14.jar:/Users/tkharidass/.m2/repository/io/cucumber/cucumber-spring/4.7.4/cucumber-spring-4.7.4.jar:/Users/tkharidass/.m2/repository/io/cucumber/cucumber-java/4.7.4/cucumber-java-4.7.4.jar:/Users/tkharidass/.m2/repository/org/springframework/boot/spring-boot-starter-undertow/2.1.9.RELEASE/spring-boot-starter-undertow-2.1.9.RELEASE.jar:/Users/tkharidass/.m2/repository/io/undertow/undertow-core/2.0.26.Final/undertow-core-2.0.26.Final.jar:/Users/tkharidass/.m2/repository/org/jboss/xnio/xnio-api/3.3.8.Final/xnio-api-3.3.8.Final.jar:/Users/tkharidass/.m2/repository/org/jboss/xnio/xnio-nio/3.3.8.Final/xnio-nio-3.3.8.Final.jar:/Users/tkharidass/.m2/repository/io/undertow/undertow-servlet/2.0.26.Final/undertow-servlet-2.0.26.Final.jar:/Users/tkharidass/.m2/repository/org/jboss/spec/javax/annotation/jboss-annotations-api_1.2_spec/1.0.2.Final/jboss-annotations-api_1.2_spec-1.0.2.Final.jar:/Users/tkharidass/.m2/repository/io/undertow/undertow-websockets-jsr/2.0.26.Final/undertow-websockets-jsr-2.0.26.Final.jar:/Users/tkharidass/.m2/repository/org/jboss/spec/javax/websocket/jboss-websocket-api_1.1_spec/1.1.4.Final/jboss-websocket-api_1.1_spec-1.1.4.Final.jar:/Users/tkharidass/.m2/repository/javax/servlet/javax.servlet-api/4.0.1/javax.servlet-api-4.0.1.jar:/Users/tkharidass/.m2/repository/org/glassfish/javax.el/3.0.0/javax.el-3.0.0.jar:/Users/tkharidass/.m2/repository/org/springframework/boot/spring-boot-devtools/2.1.9.RELEASE/spring-boot-devtools-2.1.9.RELEASE.jar:"/>
    <property name="java.vm.vendor" value="Oracle Corporation"/>
    <property name="sun.arch.data.model" value="64"/>
    <property name="java.vendor.url" value="https://java.oracle.com/"/>
    <property name="os.name" value="Mac OS X"/>
    <property name="java.vm.specification.version" value="12"/>
    <property name="sun.java.launcher" value="SUN_STANDARD"/>
    <property name="user.country" value="MY"/>
    <property name="sun.boot.library.path" value="/Library/Java/JavaVirtualMachines/openjdk-12.0.1.jdk/Contents/Home/lib"/>
    <property name="sun.java.command" value="/Users/tkharidass/smartFarmSolution/jhipster/backend/target/surefire/surefirebooter7616877104896399131.jar /Users/tkharidass/smartFarmSolution/jhipster/backend/target/surefire 2019-11-03T11-35-05_130-jvmRun1 surefire1813779477285500935tmp surefire_07505184010399277548tmp"/>
    <property name="jdk.debug" value="release"/>
    <property name="surefire.test.class.path" value="/Users/tkharidass/smartFarmSolution/jhipster/backend/target/test-classes:/Users/tkharidass/smartFarmSolution/jhipster/backend/target/classes:/Users/tkharidass/.m2/repository/io/github/jhipster/jhipster-framework/3.0.6/jhipster-framework-3.0.6.jar:/Users/tkharidass/.m2/repository/org/springframework/spring-context-support/5.1.10.RELEASE/spring-context-support-5.1.10.RELEASE.jar:/Users/tkharidass/.m2/repository/org/springframework/spring-beans/5.1.10.RELEASE/spring-beans-5.1.10.RELEASE.jar:/Users/tkharidass/.m2/repository/org/springframework/spring-context/5.1.10.RELEASE/spring-context-5.1.10.RELEASE.jar:/Users/tkharidass/.m2/repository/org/springframework/boot/spring-boot-autoconfigure/2.1.9.RELEASE/spring-boot-autoconfigure-2.1.9.RELEASE.jar:/Users/tkharidass/.m2/repository/org/springframework/boot/spring-boot-starter-cache/2.1.9.RELEASE/spring-boot-starter-cache-2.1.9.RELEASE.jar:/Users/tkharidass/.m2/repository/org/springframework/boot/spring-boot-starter/2.1.9.RELEASE/spring-boot-starter-2.1.9.RELEASE.jar:/Users/tkharidass/.m2/repository/javax/annotation/javax.annotation-api/1.3.2/javax.annotation-api-1.3.2.jar:/Users/tkharidass/.m2/repository/com/fasterxml/jackson/datatype/jackson-datatype-hibernate5/2.9.9/jackson-datatype-hibernate5-2.9.9.jar:/Users/tkharidass/.m2/repository/javax/transaction/jta/1.1/jta-1.1.jar:/Users/tkharidass/.m2/repository/com/fasterxml/jackson/core/jackson-core/2.9.9/jackson-core-2.9.9.jar:/Users/tkharidass/.m2/repository/com/fasterxml/jackson/core/jackson-databind/2.9.9.3/jackson-databind-2.9.9.3.jar:/Users/tkharidass/.m2/repository/com/fasterxml/jackson/datatype/jackson-datatype-hppc/2.9.9/jackson-datatype-hppc-2.9.9.jar:/Users/tkharidass/.m2/repository/com/carrotsearch/hppc/0.7.1/hppc-0.7.1.jar:/Users/tkharidass/.m2/repository/com/fasterxml/jackson/datatype/jackson-datatype-jsr310/2.9.9/jackson-datatype-jsr310-2.9.9.jar:/Users/tkharidass/.m2/repository/com/fasterxml/jackson/core/jackson-annotations/2.9.0/jackson-annotations-2.9.0.jar:/Users/tkharidass/.m2/repository/com/fasterxml/jackson/module/jackson-module-afterburner/2.9.9/jackson-module-afterburner-2.9.9.jar:/Users/tkharidass/.m2/repository/com/h2database/h2/1.4.199/h2-1.4.199.jar:/Users/tkharidass/.m2/repository/com/hazelcast/hazelcast/3.11.4/hazelcast-3.11.4.jar:/Users/tkharidass/.m2/repository/com/hazelcast/hazelcast-hibernate53/1.3.2/hazelcast-hibernate53-1.3.2.jar:/Users/tkharidass/.m2/repository/com/hazelcast/hazelcast-spring/3.11.4/hazelcast-spring-3.11.4.jar:/Users/tkharidass/.m2/repository/com/jayway/jsonpath/json-path/2.4.0/json-path-2.4.0.jar:/Users/tkharidass/.m2/repository/net/minidev/json-smart/2.3/json-smart-2.3.jar:/Users/tkharidass/.m2/repository/net/minidev/accessors-smart/1.2/accessors-smart-1.2.jar:/Users/tkharidass/.m2/repository/org/ow2/asm/asm/5.0.4/asm-5.0.4.jar:/Users/tkharidass/.m2/repository/org/slf4j/slf4j-api/1.7.28/slf4j-api-1.7.28.jar:/Users/tkharidass/.m2/repository/io/springfox/springfox-swagger2/2.9.2/springfox-swagger2-2.9.2.jar:/Users/tkharidass/.m2/repository/io/swagger/swagger-annotations/1.5.20/swagger-annotations-1.5.20.jar:/Users/tkharidass/.m2/repository/io/swagger/swagger-models/1.5.20/swagger-models-1.5.20.jar:/Users/tkharidass/.m2/repository/io/springfox/springfox-spi/2.9.2/springfox-spi-2.9.2.jar:/Users/tkharidass/.m2/repository/io/springfox/springfox-core/2.9.2/springfox-core-2.9.2.jar:/Users/tkharidass/.m2/repository/io/springfox/springfox-schema/2.9.2/springfox-schema-2.9.2.jar:/Users/tkharidass/.m2/repository/io/springfox/springfox-swagger-common/2.9.2/springfox-swagger-common-2.9.2.jar:/Users/tkharidass/.m2/repository/io/springfox/springfox-spring-web/2.9.2/springfox-spring-web-2.9.2.jar:/Users/tkharidass/.m2/repository/com/google/guava/guava/28.1-jre/guava-28.1-jre.jar:/Users/tkharidass/.m2/repository/com/google/guava/failureaccess/1.0.1/failureaccess-1.0.1.jar:/Users/tkharidass/.m2/repository/com/google/guava/listenablefuture/9999.0-empty-to-avoid-conflict-with-guava/listenablefuture-9999.0-empty-to-avoid-conflict-with-guava.jar:/Users/tkharidass/.m2/repository/org/checkerframework/checker-qual/2.8.1/checker-qual-2.8.1.jar:/Users/tkharidass/.m2/repository/com/google/errorprone/error_prone_annotations/2.3.2/error_prone_annotations-2.3.2.jar:/Users/tkharidass/.m2/repository/com/google/j2objc/j2objc-annotations/1.3/j2objc-annotations-1.3.jar:/Users/tkharidass/.m2/repository/org/codehaus/mojo/animal-sniffer-annotations/1.18/animal-sniffer-annotations-1.18.jar:/Users/tkharidass/.m2/repository/com/fasterxml/classmate/1.4.0/classmate-1.4.0.jar:/Users/tkharidass/.m2/repository/org/springframework/plugin/spring-plugin-core/1.2.0.RELEASE/spring-plugin-core-1.2.0.RELEASE.jar:/Users/tkharidass/.m2/repository/org/springframework/plugin/spring-plugin-metadata/1.2.0.RELEASE/spring-plugin-metadata-1.2.0.RELEASE.jar:/Users/tkharidass/.m2/repository/io/springfox/springfox-bean-validators/2.9.2/springfox-bean-validators-2.9.2.jar:/Users/tkharidass/.m2/repository/com/zaxxer/HikariCP/3.2.0/HikariCP-3.2.0.jar:/Users/tkharidass/.m2/repository/commons-io/commons-io/2.6/commons-io-2.6.jar:/Users/tkharidass/.m2/repository/org/apache/commons/commons-lang3/3.8.1/commons-lang3-3.8.1.jar:/Users/tkharidass/.m2/repository/javax/cache/cache-api/1.1.1/cache-api-1.1.1.jar:/Users/tkharidass/.m2/repository/mysql/mysql-connector-java/8.0.17/mysql-connector-java-8.0.17.jar:/Users/tkharidass/.m2/repository/com/google/protobuf/protobuf-java/3.6.1/protobuf-java-3.6.1.jar:/Users/tkharidass/.m2/repository/org/junit/jupiter/junit-jupiter-engine/5.3.2/junit-jupiter-engine-5.3.2.jar:/Users/tkharidass/.m2/repository/org/apiguardian/apiguardian-api/1.0.0/apiguardian-api-1.0.0.jar:/Users/tkharidass/.m2/repository/org/junit/platform/junit-platform-engine/1.3.2/junit-platform-engine-1.3.2.jar:/Users/tkharidass/.m2/repository/org/junit/platform/junit-platform-commons/1.3.2/junit-platform-commons-1.3.2.jar:/Users/tkharidass/.m2/repository/org/opentest4j/opentest4j/1.1.1/opentest4j-1.1.1.jar:/Users/tkharidass/.m2/repository/org/junit/jupiter/junit-jupiter-api/5.3.2/junit-jupiter-api-5.3.2.jar:/Users/tkharidass/.m2/repository/org/junit/vintage/junit-vintage-engine/5.3.2/junit-vintage-engine-5.3.2.jar:/Users/tkharidass/.m2/repository/junit/junit/4.12/junit-4.12.jar:/Users/tkharidass/.m2/repository/org/assertj/assertj-core/3.11.1/assertj-core-3.11.1.jar:/Users/tkharidass/.m2/repository/org/hibernate/hibernate-jpamodelgen/5.3.12.Final/hibernate-jpamodelgen-5.3.12.Final.jar:/Users/tkharidass/.m2/repository/org/jboss/logging/jboss-logging/3.3.3.Final/jboss-logging-3.3.3.Final.jar:/Users/tkharidass/.m2/repository/javax/xml/bind/jaxb-api/2.3.1/jaxb-api-2.3.1.jar:/Users/tkharidass/.m2/repository/org/glassfish/jaxb/jaxb-runtime/2.3.1/jaxb-runtime-2.3.1.jar:/Users/tkharidass/.m2/repository/org/glassfish/jaxb/txw2/2.3.1/txw2-2.3.1.jar:/Users/tkharidass/.m2/repository/com/sun/istack/istack-commons-runtime/3.0.7/istack-commons-runtime-3.0.7.jar:/Users/tkharidass/.m2/repository/org/jvnet/staxex/stax-ex/1.8/stax-ex-1.8.jar:/Users/tkharidass/.m2/repository/com/sun/xml/fastinfoset/FastInfoset/1.2.15/FastInfoset-1.2.15.jar:/Users/tkharidass/.m2/repository/org/hibernate/hibernate-core/5.3.12.Final/hibernate-core-5.3.12.Final.jar:/Users/tkharidass/.m2/repository/javax/persistence/javax.persistence-api/2.2/javax.persistence-api-2.2.jar:/Users/tkharidass/.m2/repository/org/javassist/javassist/3.23.2-GA/javassist-3.23.2-GA.jar:/Users/tkharidass/.m2/repository/net/bytebuddy/byte-buddy/1.9.16/byte-buddy-1.9.16.jar:/Users/tkharidass/.m2/repository/antlr/antlr/2.7.7/antlr-2.7.7.jar:/Users/tkharidass/.m2/repository/org/jboss/spec/javax/transaction/jboss-transaction-api_1.2_spec/1.1.1.Final/jboss-transaction-api_1.2_spec-1.1.1.Final.jar:/Users/tkharidass/.m2/repository/org/jboss/jandex/2.0.5.Final/jandex-2.0.5.Final.jar:/Users/tkharidass/.m2/repository/javax/activation/javax.activation-api/1.2.0/javax.activation-api-1.2.0.jar:/Users/tkharidass/.m2/repository/org/dom4j/dom4j/2.1.1/dom4j-2.1.1.jar:/Users/tkharidass/.m2/repository/org/hibernate/common/hibernate-commons-annotations/5.0.4.Final/hibernate-commons-annotations-5.0.4.Final.jar:/Users/tkharidass/.m2/repository/org/hibernate/validator/hibernate-validator/6.0.17.Final/hibernate-validator-6.0.17.Final.jar:/Users/tkharidass/.m2/repository/javax/validation/validation-api/2.0.1.Final/validation-api-2.0.1.Final.jar:/Users/tkharidass/.m2/repository/org/liquibase/liquibase-core/3.6.3/liquibase-core-3.6.3.jar:/Users/tkharidass/.m2/repository/org/yaml/snakeyaml/1.23/snakeyaml-1.23.jar:/Users/tkharidass/.m2/repository/net/logstash/logback/logstash-logback-encoder/6.2/logstash-logback-encoder-6.2.jar:/Users/tkharidass/.m2/repository/org/mapstruct/mapstruct/1.3.1.Final/mapstruct-1.3.1.Final.jar:/Users/tkharidass/.m2/repository/org/mapstruct/mapstruct-processor/1.3.1.Final/mapstruct-processor-1.3.1.Final.jar:/Users/tkharidass/.m2/repository/org/springframework/boot/spring-boot-configuration-processor/2.1.9.RELEASE/spring-boot-configuration-processor-2.1.9.RELEASE.jar:/Users/tkharidass/.m2/repository/org/springframework/boot/spring-boot-loader-tools/2.1.9.RELEASE/spring-boot-loader-tools-2.1.9.RELEASE.jar:/Users/tkharidass/.m2/repository/org/springframework/spring-core/5.1.10.RELEASE/spring-core-5.1.10.RELEASE.jar:/Users/tkharidass/.m2/repository/org/springframework/spring-jcl/5.1.10.RELEASE/spring-jcl-5.1.10.RELEASE.jar:/Users/tkharidass/.m2/repository/org/apache/commons/commons-compress/1.18/commons-compress-1.18.jar:/Users/tkharidass/.m2/repository/org/springframework/boot/spring-boot-starter-actuator/2.1.9.RELEASE/spring-boot-starter-actuator-2.1.9.RELEASE.jar:/Users/tkharidass/.m2/repository/org/springframework/boot/spring-boot-actuator-autoconfigure/2.1.9.RELEASE/spring-boot-actuator-autoconfigure-2.1.9.RELEASE.jar:/Users/tkharidass/.m2/repository/org/springframework/boot/spring-boot-actuator/2.1.9.RELEASE/spring-boot-actuator-2.1.9.RELEASE.jar:/Users/tkharidass/.m2/repository/io/micrometer/micrometer-core/1.3.0/micrometer-core-1.3.0.jar:/Users/tkharidass/.m2/repository/org/hdrhistogram/HdrHistogram/2.1.11/HdrHistogram-2.1.11.jar:/Users/tkharidass/.m2/repository/org/latencyutils/LatencyUtils/2.0.3/LatencyUtils-2.0.3.jar:/Users/tkharidass/.m2/repository/org/springframework/boot/spring-boot-starter-aop/2.1.9.RELEASE/spring-boot-starter-aop-2.1.9.RELEASE.jar:/Users/tkharidass/.m2/repository/org/springframework/spring-aop/5.1.10.RELEASE/spring-aop-5.1.10.RELEASE.jar:/Users/tkharidass/.m2/repository/org/aspectj/aspectjweaver/1.9.4/aspectjweaver-1.9.4.jar:/Users/tkharidass/.m2/repository/org/springframework/boot/spring-boot-starter-data-jpa/2.1.9.RELEASE/spring-boot-starter-data-jpa-2.1.9.RELEASE.jar:/Users/tkharidass/.m2/repository/org/springframework/boot/spring-boot-starter-jdbc/2.1.9.RELEASE/spring-boot-starter-jdbc-2.1.9.RELEASE.jar:/Users/tkharidass/.m2/repository/org/springframework/spring-jdbc/5.1.10.RELEASE/spring-jdbc-5.1.10.RELEASE.jar:/Users/tkharidass/.m2/repository/javax/transaction/javax.transaction-api/1.3/javax.transaction-api-1.3.jar:/Users/tkharidass/.m2/repository/org/springframework/data/spring-data-jpa/2.1.11.RELEASE/spring-data-jpa-2.1.11.RELEASE.jar:/Users/tkharidass/.m2/repository/org/springframework/spring-orm/5.1.10.RELEASE/spring-orm-5.1.10.RELEASE.jar:/Users/tkharidass/.m2/repository/org/springframework/spring-tx/5.1.10.RELEASE/spring-tx-5.1.10.RELEASE.jar:/Users/tkharidass/.m2/repository/org/springframework/spring-aspects/5.1.10.RELEASE/spring-aspects-5.1.10.RELEASE.jar:/Users/tkharidass/.m2/repository/org/springframework/boot/spring-boot-starter-logging/2.1.9.RELEASE/spring-boot-starter-logging-2.1.9.RELEASE.jar:/Users/tkharidass/.m2/repository/ch/qos/logback/logback-classic/1.2.3/logback-classic-1.2.3.jar:/Users/tkharidass/.m2/repository/ch/qos/logback/logback-core/1.2.3/logback-core-1.2.3.jar:/Users/tkharidass/.m2/repository/org/apache/logging/log4j/log4j-to-slf4j/2.11.2/log4j-to-slf4j-2.11.2.jar:/Users/tkharidass/.m2/repository/org/apache/logging/log4j/log4j-api/2.11.2/log4j-api-2.11.2.jar:/Users/tkharidass/.m2/repository/org/slf4j/jul-to-slf4j/1.7.28/jul-to-slf4j-1.7.28.jar:/Users/tkharidass/.m2/repository/org/springframework/boot/spring-boot-starter-mail/2.1.9.RELEASE/spring-boot-starter-mail-2.1.9.RELEASE.jar:/Users/tkharidass/.m2/repository/com/sun/mail/javax.mail/1.6.2/javax.mail-1.6.2.jar:/Users/tkharidass/.m2/repository/javax/activation/activation/1.1/activation-1.1.jar:/Users/tkharidass/.m2/repository/org/springframework/boot/spring-boot-starter-security/2.1.9.RELEASE/spring-boot-starter-security-2.1.9.RELEASE.jar:/Users/tkharidass/.m2/repository/org/springframework/security/spring-security-config/5.1.6.RELEASE/spring-security-config-5.1.6.RELEASE.jar:/Users/tkharidass/.m2/repository/org/springframework/security/spring-security-web/5.1.6.RELEASE/spring-security-web-5.1.6.RELEASE.jar:/Users/tkharidass/.m2/repository/org/springframework/spring-expression/5.1.10.RELEASE/spring-expression-5.1.10.RELEASE.jar:/Users/tkharidass/.m2/repository/org/springframework/boot/spring-boot-starter-thymeleaf/2.1.9.RELEASE/spring-boot-starter-thymeleaf-2.1.9.RELEASE.jar:/Users/tkharidass/.m2/repository/org/thymeleaf/thymeleaf-spring5/3.0.11.RELEASE/thymeleaf-spring5-3.0.11.RELEASE.jar:/Users/tkharidass/.m2/repository/org/thymeleaf/thymeleaf/3.0.11.RELEASE/thymeleaf-3.0.11.RELEASE.jar:/Users/tkharidass/.m2/repository/org/attoparser/attoparser/2.0.5.RELEASE/attoparser-2.0.5.RELEASE.jar:/Users/tkharidass/.m2/repository/org/unbescape/unbescape/1.1.6.RELEASE/unbescape-1.1.6.RELEASE.jar:/Users/tkharidass/.m2/repository/org/thymeleaf/extras/thymeleaf-extras-java8time/3.0.4.RELEASE/thymeleaf-extras-java8time-3.0.4.RELEASE.jar:/Users/tkharidass/.m2/repository/org/springframework/boot/spring-boot-starter-web/2.1.9.RELEASE/spring-boot-starter-web-2.1.9.RELEASE.jar:/Users/tkharidass/.m2/repository/org/springframework/boot/spring-boot-starter-json/2.1.9.RELEASE/spring-boot-starter-json-2.1.9.RELEASE.jar:/Users/tkharidass/.m2/repository/com/fasterxml/jackson/datatype/jackson-datatype-jdk8/2.9.9/jackson-datatype-jdk8-2.9.9.jar:/Users/tkharidass/.m2/repository/com/fasterxml/jackson/module/jackson-module-parameter-names/2.9.9/jackson-module-parameter-names-2.9.9.jar:/Users/tkharidass/.m2/repository/org/springframework/spring-web/5.1.10.RELEASE/spring-web-5.1.10.RELEASE.jar:/Users/tkharidass/.m2/repository/org/springframework/spring-webmvc/5.1.10.RELEASE/spring-webmvc-5.1.10.RELEASE.jar:/Users/tkharidass/.m2/repository/org/springframework/boot/spring-boot-starter-test/2.1.9.RELEASE/spring-boot-starter-test-2.1.9.RELEASE.jar:/Users/tkharidass/.m2/repository/org/springframework/boot/spring-boot-test-autoconfigure/2.1.9.RELEASE/spring-boot-test-autoconfigure-2.1.9.RELEASE.jar:/Users/tkharidass/.m2/repository/org/mockito/mockito-core/2.23.4/mockito-core-2.23.4.jar:/Users/tkharidass/.m2/repository/net/bytebuddy/byte-buddy-agent/1.9.16/byte-buddy-agent-1.9.16.jar:/Users/tkharidass/.m2/repository/org/objenesis/objenesis/2.6/objenesis-2.6.jar:/Users/tkharidass/.m2/repository/org/hamcrest/hamcrest-core/1.3/hamcrest-core-1.3.jar:/Users/tkharidass/.m2/repository/org/hamcrest/hamcrest-library/1.3/hamcrest-library-1.3.jar:/Users/tkharidass/.m2/repository/org/skyscreamer/jsonassert/1.5.0/jsonassert-1.5.0.jar:/Users/tkharidass/.m2/repository/org/springframework/spring-test/5.1.10.RELEASE/spring-test-5.1.10.RELEASE.jar:/Users/tkharidass/.m2/repository/org/xmlunit/xmlunit-core/2.6.3/xmlunit-core-2.6.3.jar:/Users/tkharidass/.m2/repository/org/springframework/boot/spring-boot-test/2.1.9.RELEASE/spring-boot-test-2.1.9.RELEASE.jar:/Users/tkharidass/.m2/repository/org/springframework/boot/spring-boot/2.1.9.RELEASE/spring-boot-2.1.9.RELEASE.jar:/Users/tkharidass/.m2/repository/org/springframework/security/spring-security-test/5.1.6.RELEASE/spring-security-test-5.1.6.RELEASE.jar:/Users/tkharidass/.m2/repository/org/springframework/security/spring-security-core/5.1.6.RELEASE/spring-security-core-5.1.6.RELEASE.jar:/Users/tkharidass/.m2/repository/com/tngtech/archunit/archunit-junit5-api/0.11.0/archunit-junit5-api-0.11.0.jar:/Users/tkharidass/.m2/repository/com/tngtech/archunit/archunit/0.11.0/archunit-0.11.0.jar:/Users/tkharidass/.m2/repository/com/tngtech/archunit/archunit-junit5-engine/0.11.0/archunit-junit5-engine-0.11.0.jar:/Users/tkharidass/.m2/repository/com/tngtech/archunit/archunit-junit5-engine-api/0.11.0/archunit-junit5-engine-api-0.11.0.jar:/Users/tkharidass/.m2/repository/org/zalando/problem-spring-web/0.25.0/problem-spring-web-0.25.0.jar:/Users/tkharidass/.m2/repository/org/zalando/problem-violations/0.25.0/problem-violations-0.25.0.jar:/Users/tkharidass/.m2/repository/org/zalando/problem-spring-common/0.25.0/problem-spring-common-0.25.0.jar:/Users/tkharidass/.m2/repository/com/google/code/findbugs/jsr305/3.0.2/jsr305-3.0.2.jar:/Users/tkharidass/.m2/repository/org/zalando/problem/0.23.0/problem-0.23.0.jar:/Users/tkharidass/.m2/repository/org/zalando/jackson-datatype-problem/0.23.0/jackson-datatype-problem-0.23.0.jar:/Users/tkharidass/.m2/repository/org/zalando/faux-pas/0.8.0/faux-pas-0.8.0.jar:/Users/tkharidass/.m2/repository/io/jsonwebtoken/jjwt-api/0.10.7/jjwt-api-0.10.7.jar:/Users/tkharidass/.m2/repository/io/jsonwebtoken/jjwt-impl/0.10.7/jjwt-impl-0.10.7.jar:/Users/tkharidass/.m2/repository/io/jsonwebtoken/jjwt-jackson/0.10.7/jjwt-jackson-0.10.7.jar:/Users/tkharidass/.m2/repository/org/springframework/cloud/spring-cloud-starter-netflix-eureka-client/2.1.3.RELEASE/spring-cloud-starter-netflix-eureka-client-2.1.3.RELEASE.jar:/Users/tkharidass/.m2/repository/org/springframework/cloud/spring-cloud-starter/2.1.3.RELEASE/spring-cloud-starter-2.1.3.RELEASE.jar:/Users/tkharidass/.m2/repository/org/springframework/cloud/spring-cloud-context/2.1.3.RELEASE/spring-cloud-context-2.1.3.RELEASE.jar:/Users/tkharidass/.m2/repository/org/springframework/security/spring-security-crypto/5.1.6.RELEASE/spring-security-crypto-5.1.6.RELEASE.jar:/Users/tkharidass/.m2/repository/org/springframework/cloud/spring-cloud-commons/2.1.3.RELEASE/spring-cloud-commons-2.1.3.RELEASE.jar:/Users/tkharidass/.m2/repository/org/springframework/security/spring-security-rsa/1.0.7.RELEASE/spring-security-rsa-1.0.7.RELEASE.jar:/Users/tkharidass/.m2/repository/org/bouncycastle/bcpkix-jdk15on/1.60/bcpkix-jdk15on-1.60.jar:/Users/tkharidass/.m2/repository/org/bouncycastle/bcprov-jdk15on/1.60/bcprov-jdk15on-1.60.jar:/Users/tkharidass/.m2/repository/org/springframework/cloud/spring-cloud-netflix-hystrix/2.1.3.RELEASE/spring-cloud-netflix-hystrix-2.1.3.RELEASE.jar:/Users/tkharidass/.m2/repository/org/springframework/cloud/spring-cloud-netflix-eureka-client/2.1.3.RELEASE/spring-cloud-netflix-eureka-client-2.1.3.RELEASE.jar:/Users/tkharidass/.m2/repository/com/netflix/eureka/eureka-client/1.9.13/eureka-client-1.9.13.jar:/Users/tkharidass/.m2/repository/org/codehaus/jettison/jettison/1.3.7/jettison-1.3.7.jar:/Users/tkharidass/.m2/repository/stax/stax-api/1.0.1/stax-api-1.0.1.jar:/Users/tkharidass/.m2/repository/com/netflix/netflix-commons/netflix-eventbus/0.3.0/netflix-eventbus-0.3.0.jar:/Users/tkharidass/.m2/repository/com/netflix/netflix-commons/netflix-infix/0.3.0/netflix-infix-0.3.0.jar:/Users/tkharidass/.m2/repository/commons-jxpath/commons-jxpath/1.3/commons-jxpath-1.3.jar:/Users/tkharidass/.m2/repository/joda-time/joda-time/2.10.4/joda-time-2.10.4.jar:/Users/tkharidass/.m2/repository/org/antlr/antlr-runtime/3.4/antlr-runtime-3.4.jar:/Users/tkharidass/.m2/repository/org/antlr/stringtemplate/3.2.1/stringtemplate-3.2.1.jar:/Users/tkharidass/.m2/repository/com/google/code/gson/gson/2.8.5/gson-2.8.5.jar:/Users/tkharidass/.m2/repository/org/apache/commons/commons-math/2.2/commons-math-2.2.jar:/Users/tkharidass/.m2/repository/com/netflix/archaius/archaius-core/0.7.6/archaius-core-0.7.6.jar:/Users/tkharidass/.m2/repository/javax/ws/rs/jsr311-api/1.1.1/jsr311-api-1.1.1.jar:/Users/tkharidass/.m2/repository/com/netflix/servo/servo-core/0.12.21/servo-core-0.12.21.jar:/Users/tkharidass/.m2/repository/com/sun/jersey/jersey-core/1.19.1/jersey-core-1.19.1.jar:/Users/tkharidass/.m2/repository/com/sun/jersey/jersey-client/1.19.1/jersey-client-1.19.1.jar:/Users/tkharidass/.m2/repository/com/sun/jersey/contribs/jersey-apache-client4/1.19.1/jersey-apache-client4-1.19.1.jar:/Users/tkharidass/.m2/repository/org/apache/httpcomponents/httpclient/4.5.10/httpclient-4.5.10.jar:/Users/tkharidass/.m2/repository/org/apache/httpcomponents/httpcore/4.4.12/httpcore-4.4.12.jar:/Users/tkharidass/.m2/repository/commons-codec/commons-codec/1.11/commons-codec-1.11.jar:/Users/tkharidass/.m2/repository/com/google/inject/guice/4.1.0/guice-4.1.0.jar:/Users/tkharidass/.m2/repository/javax/inject/javax.inject/1/javax.inject-1.jar:/Users/tkharidass/.m2/repository/aopalliance/aopalliance/1.0/aopalliance-1.0.jar:/Users/tkharidass/.m2/repository/com/netflix/eureka/eureka-core/1.9.13/eureka-core-1.9.13.jar:/Users/tkharidass/.m2/repository/com/fasterxml/woodstox/woodstox-core/5.0.3/woodstox-core-5.0.3.jar:/Users/tkharidass/.m2/repository/org/codehaus/woodstox/stax2-api/3.1.4/stax2-api-3.1.4.jar:/Users/tkharidass/.m2/repository/org/springframework/cloud/spring-cloud-starter-netflix-archaius/2.1.3.RELEASE/spring-cloud-starter-netflix-archaius-2.1.3.RELEASE.jar:/Users/tkharidass/.m2/repository/org/springframework/cloud/spring-cloud-netflix-ribbon/2.1.3.RELEASE/spring-cloud-netflix-ribbon-2.1.3.RELEASE.jar:/Users/tkharidass/.m2/repository/org/springframework/cloud/spring-cloud-netflix-archaius/2.1.3.RELEASE/spring-cloud-netflix-archaius-2.1.3.RELEASE.jar:/Users/tkharidass/.m2/repository/commons-configuration/commons-configuration/1.8/commons-configuration-1.8.jar:/Users/tkharidass/.m2/repository/commons-lang/commons-lang/2.6/commons-lang-2.6.jar:/Users/tkharidass/.m2/repository/org/springframework/cloud/spring-cloud-starter-netflix-ribbon/2.1.3.RELEASE/spring-cloud-starter-netflix-ribbon-2.1.3.RELEASE.jar:/Users/tkharidass/.m2/repository/com/netflix/ribbon/ribbon/2.3.0/ribbon-2.3.0.jar:/Users/tkharidass/.m2/repository/com/netflix/ribbon/ribbon-transport/2.3.0/ribbon-transport-2.3.0.jar:/Users/tkharidass/.m2/repository/io/reactivex/rxnetty-contexts/0.4.9/rxnetty-contexts-0.4.9.jar:/Users/tkharidass/.m2/repository/io/reactivex/rxnetty-servo/0.4.9/rxnetty-servo-0.4.9.jar:/Users/tkharidass/.m2/repository/com/netflix/hystrix/hystrix-core/1.5.18/hystrix-core-1.5.18.jar:/Users/tkharidass/.m2/repository/io/reactivex/rxnetty/0.4.9/rxnetty-0.4.9.jar:/Users/tkharidass/.m2/repository/com/netflix/ribbon/ribbon-core/2.3.0/ribbon-core-2.3.0.jar:/Users/tkharidass/.m2/repository/com/netflix/ribbon/ribbon-httpclient/2.3.0/ribbon-httpclient-2.3.0.jar:/Users/tkharidass/.m2/repository/commons-collections/commons-collections/3.2.2/commons-collections-3.2.2.jar:/Users/tkharidass/.m2/repository/com/netflix/netflix-commons/netflix-commons-util/0.3.0/netflix-commons-util-0.3.0.jar:/Users/tkharidass/.m2/repository/com/netflix/ribbon/ribbon-loadbalancer/2.3.0/ribbon-loadbalancer-2.3.0.jar:/Users/tkharidass/.m2/repository/com/netflix/netflix-commons/netflix-statistics/0.1.1/netflix-statistics-0.1.1.jar:/Users/tkharidass/.m2/repository/io/reactivex/rxjava/1.3.8/rxjava-1.3.8.jar:/Users/tkharidass/.m2/repository/com/netflix/ribbon/ribbon-eureka/2.3.0/ribbon-eureka-2.3.0.jar:/Users/tkharidass/.m2/repository/com/thoughtworks/xstream/xstream/1.4.11.1/xstream-1.4.11.1.jar:/Users/tkharidass/.m2/repository/xmlpull/xmlpull/1.1.3.1/xmlpull-1.1.3.1.jar:/Users/tkharidass/.m2/repository/xpp3/xpp3_min/1.1.4c/xpp3_min-1.1.4c.jar:/Users/tkharidass/.m2/repository/org/springframework/cloud/spring-cloud-starter-config/2.1.4.RELEASE/spring-cloud-starter-config-2.1.4.RELEASE.jar:/Users/tkharidass/.m2/repository/org/springframework/cloud/spring-cloud-config-client/2.1.4.RELEASE/spring-cloud-config-client-2.1.4.RELEASE.jar:/Users/tkharidass/.m2/repository/org/springframework/boot/spring-boot-starter-cloud-connectors/2.1.9.RELEASE/spring-boot-starter-cloud-connectors-2.1.9.RELEASE.jar:/Users/tkharidass/.m2/repository/org/springframework/cloud/spring-cloud-spring-service-connector/2.0.6.RELEASE/spring-cloud-spring-service-connector-2.0.6.RELEASE.jar:/Users/tkharidass/.m2/repository/org/springframework/cloud/spring-cloud-connectors-core/2.0.6.RELEASE/spring-cloud-connectors-core-2.0.6.RELEASE.jar:/Users/tkharidass/.m2/repository/org/springframework/cloud/spring-cloud-cloudfoundry-connector/2.0.6.RELEASE/spring-cloud-cloudfoundry-connector-2.0.6.RELEASE.jar:/Users/tkharidass/.m2/repository/org/springframework/cloud/spring-cloud-heroku-connector/2.0.6.RELEASE/spring-cloud-heroku-connector-2.0.6.RELEASE.jar:/Users/tkharidass/.m2/repository/org/springframework/cloud/spring-cloud-localconfig-connector/2.0.6.RELEASE/spring-cloud-localconfig-connector-2.0.6.RELEASE.jar:/Users/tkharidass/.m2/repository/org/springframework/security/spring-security-data/5.1.6.RELEASE/spring-security-data-5.1.6.RELEASE.jar:/Users/tkharidass/.m2/repository/org/springframework/data/spring-data-commons/2.1.11.RELEASE/spring-data-commons-2.1.11.RELEASE.jar:/Users/tkharidass/.m2/repository/io/micrometer/micrometer-registry-prometheus/1.3.0/micrometer-registry-prometheus-1.3.0.jar:/Users/tkharidass/.m2/repository/io/prometheus/simpleclient_common/0.7.0/simpleclient_common-0.7.0.jar:/Users/tkharidass/.m2/repository/io/prometheus/simpleclient/0.7.0/simpleclient-0.7.0.jar:/Users/tkharidass/.m2/repository/io/dropwizard/metrics/metrics-core/4.1.0/metrics-core-4.1.0.jar:/Users/tkharidass/.m2/repository/io/cucumber/cucumber-junit/4.7.4/cucumber-junit-4.7.4.jar:/Users/tkharidass/.m2/repository/io/cucumber/cucumber-core/4.7.4/cucumber-core-4.7.4.jar:/Users/tkharidass/.m2/repository/io/cucumber/gherkin/5.1.0/gherkin-5.1.0.jar:/Users/tkharidass/.m2/repository/io/cucumber/tag-expressions/1.1.1/tag-expressions-1.1.1.jar:/Users/tkharidass/.m2/repository/io/cucumber/cucumber-expressions/7.0.2/cucumber-expressions-7.0.2.jar:/Users/tkharidass/.m2/repository/io/cucumber/datatable/1.1.14/datatable-1.1.14.jar:/Users/tkharidass/.m2/repository/io/cucumber/datatable-dependencies/1.1.14/datatable-dependencies-1.1.14.jar:/Users/tkharidass/.m2/repository/io/cucumber/cucumber-spring/4.7.4/cucumber-spring-4.7.4.jar:/Users/tkharidass/.m2/repository/io/cucumber/cucumber-java/4.7.4/cucumber-java-4.7.4.jar:/Users/tkharidass/.m2/repository/org/springframework/boot/spring-boot-starter-undertow/2.1.9.RELEASE/spring-boot-starter-undertow-2.1.9.RELEASE.jar:/Users/tkharidass/.m2/repository/io/undertow/undertow-core/2.0.26.Final/undertow-core-2.0.26.Final.jar:/Users/tkharidass/.m2/repository/org/jboss/xnio/xnio-api/3.3.8.Final/xnio-api-3.3.8.Final.jar:/Users/tkharidass/.m2/repository/org/jboss/xnio/xnio-nio/3.3.8.Final/xnio-nio-3.3.8.Final.jar:/Users/tkharidass/.m2/repository/io/undertow/undertow-servlet/2.0.26.Final/undertow-servlet-2.0.26.Final.jar:/Users/tkharidass/.m2/repository/org/jboss/spec/javax/annotation/jboss-annotations-api_1.2_spec/1.0.2.Final/jboss-annotations-api_1.2_spec-1.0.2.Final.jar:/Users/tkharidass/.m2/repository/io/undertow/undertow-websockets-jsr/2.0.26.Final/undertow-websockets-jsr-2.0.26.Final.jar:/Users/tkharidass/.m2/repository/org/jboss/spec/javax/websocket/jboss-websocket-api_1.1_spec/1.1.4.Final/jboss-websocket-api_1.1_spec-1.1.4.Final.jar:/Users/tkharidass/.m2/repository/javax/servlet/javax.servlet-api/4.0.1/javax.servlet-api-4.0.1.jar:/Users/tkharidass/.m2/repository/org/glassfish/javax.el/3.0.0/javax.el-3.0.0.jar:/Users/tkharidass/.m2/repository/org/springframework/boot/spring-boot-devtools/2.1.9.RELEASE/spring-boot-devtools-2.1.9.RELEASE.jar:"/>
    <property name="sun.cpu.endian" value="little"/>
    <property name="user.home" value="/Users/tkharidass"/>
    <property name="user.language" value="en"/>
    <property name="java.specification.vendor" value="Oracle Corporation"/>
    <property name="java.version.date" value="2019-04-16"/>
    <property name="java.home" value="/Library/Java/JavaVirtualMachines/openjdk-12.0.1.jdk/Contents/Home"/>
    <property name="file.separator" value="/"/>
    <property name="basedir" value="/Users/tkharidass/smartFarmSolution/jhipster/backend"/>
    <property name="java.vm.compressedOopsMode" value="Zero based"/>
    <property name="line.separator" value="&#10;"/>
    <property name="java.specification.name" value="Java Platform API Specification"/>
    <property name="java.vm.specification.vendor" value="Oracle Corporation"/>
    <property name="java.awt.graphicsenv" value="sun.awt.CGraphicsEnvironment"/>
    <property name="surefire.real.class.path" value="/Users/tkharidass/smartFarmSolution/jhipster/backend/target/surefire/surefirebooter7616877104896399131.jar"/>
    <property name="sun.management.compiler" value="HotSpot 64-Bit Tiered Compilers"/>
    <property name="java.runtime.version" value="12.0.1+12"/>
    <property name="user.name" value="tkharidass"/>
    <property name="path.separator" value=":"/>
    <property name="java.security.egd" value="file:/dev/./urandom"/>
    <property name="os.version" value="10.12.6"/>
    <property name="java.runtime.name" value="OpenJDK Runtime Environment"/>
    <property name="file.encoding" value="UTF-8"/>
    <property name="java.vm.name" value="OpenJDK 64-Bit Server VM"/>
    <property name="localRepository" value="/Users/tkharidass/.m2/repository"/>
    <property name="java.vendor.url.bug" value="https://bugreport.java.com/bugreport/"/>
    <property name="java.io.tmpdir" value="/var/folders/g9/xrqdgz8d1ps9n9dlzjwnjw5jx7q2xn/T/"/>
    <property name="java.version" value="12.0.1"/>
    <property name="user.dir" value="/Users/tkharidass/smartFarmSolution/jhipster/backend"/>
    <property name="os.arch" value="x86_64"/>
    <property name="java.vm.specification.name" value="Java Virtual Machine Specification"/>
    <property name="java.library.path" value="/Users/tkharidass/Library/Java/Extensions:/Library/Java/Extensions:/Network/Library/Java/Extensions:/System/Library/Java/Extensions:/usr/lib/java:."/>
    <property name="java.vm.info" value="mixed mode, sharing"/>
    <property name="java.vendor" value="Oracle Corporation"/>
    <property name="java.vm.version" value="12.0.1+12"/>
    <property name="sun.io.unicode.encoding" value="UnicodeBig"/>
    <property name="java.class.version" value="56.0"/>
  </properties>
  <testcase name="testMissingServletRequestPartException" classname="com.thina.smartfarm.web.rest.errors.ExceptionTranslatorIT" time="0.06"/>
  <testcase name="testMissingServletRequestParameterException" classname="com.thina.smartfarm.web.rest.errors.ExceptionTranslatorIT" time="0.054"/>
  <testcase name="testAccessDenied" classname="com.thina.smartfarm.web.rest.errors.ExceptionTranslatorIT" time="0.065"/>
  <testcase name="testInternalServerError" classname="com.thina.smartfarm.web.rest.errors.ExceptionTranslatorIT" time="0.087"/>
  <testcase name="testMethodNotSupported" classname="com.thina.smartfarm.web.rest.errors.ExceptionTranslatorIT" time="0.015"/>
  <testcase name="testExceptionWithResponseStatus" classname="com.thina.smartfarm.web.rest.errors.ExceptionTranslatorIT" time="0.036"/>
  <testcase name="testMethodArgumentNotValid" classname="com.thina.smartfarm.web.rest.errors.ExceptionTranslatorIT" time="0.047"/>
  <testcase name="testUnauthorized" classname="com.thina.smartfarm.web.rest.errors.ExceptionTranslatorIT" time="0.043"/>
  <testcase name="testConcurrencyFailure" classname="com.thina.smartfarm.web.rest.errors.ExceptionTranslatorIT" time="0.039"/>
</testsuite>